<?xml version="1.0" encoding="UTF-8"?>
<!-- Generated by org.testng.reporters.JUnitReportReporter -->
<testsuite hostname="MacBook-Pro" failures="0" tests="5" name="TestRunner" time="0.042" errors="5" timestamp="2023-03-20T20:50:31 EDT" skipped="0">
  <testcase classname="TestRunner" name="runScenario" time="0.003">
    <error message="Cannot invoke &quot;String.equalsIgnoreCase(String)&quot; because &quot;driverType&quot; is null" type="java.lang.NullPointerException">
      <![CDATA[java.lang.NullPointerException: Cannot invoke "String.equalsIgnoreCase(String)" because "driverType" is null
at base.Config.setupBrowser(Config.java:15)
at stepDef.Hook.beforeEachTest(Hook.java:19)
]]>
    </error>
  </testcase> <!-- runScenario -->
  <system-out/>
  <testcase classname="TestRunner" name="runScenario" time="0.032">
    <error message="Cannot invoke &quot;String.equalsIgnoreCase(String)&quot; because &quot;driverType&quot; is null" type="java.lang.NullPointerException">
      <![CDATA[java.lang.NullPointerException: Cannot invoke "String.equalsIgnoreCase(String)" because "driverType" is null
at base.Config.setupBrowser(Config.java:15)
at stepDef.Hook.beforeEachTest(Hook.java:19)
]]>
    </error>
  </testcase> <!-- runScenario -->
  <system-out/>
  <testcase classname="TestRunner" name="runScenario" time="0.002">
    <error message="Cannot invoke &quot;String.equalsIgnoreCase(String)&quot; because &quot;driverType&quot; is null" type="java.lang.NullPointerException">
      <![CDATA[java.lang.NullPointerException: Cannot invoke "String.equalsIgnoreCase(String)" because "driverType" is null
at base.Config.setupBrowser(Config.java:15)
at stepDef.Hook.beforeEachTest(Hook.java:19)
]]>
    </error>
  </testcase> <!-- runScenario -->
  <system-out/>
  <testcase classname="TestRunner" name="runScenario" time="0.003">
    <error message="Cannot invoke &quot;String.equalsIgnoreCase(String)&quot; because &quot;driverType&quot; is null" type="java.lang.NullPointerException">
      <![CDATA[java.lang.NullPointerException: Cannot invoke "String.equalsIgnoreCase(String)" because "driverType" is null
at base.Config.setupBrowser(Config.java:15)
at stepDef.Hook.beforeEachTest(Hook.java:19)
]]>
    </error>
  </testcase> <!-- runScenario -->
  <system-out/>
  <testcase classname="TestRunner" name="runScenario" time="0.002">
    <error message="Cannot invoke &quot;String.equalsIgnoreCase(String)&quot; because &quot;driverType&quot; is null" type="java.lang.NullPointerException">
      <![CDATA[java.lang.NullPointerException: Cannot invoke "String.equalsIgnoreCase(String)" because "driverType" is null
at base.Config.setupBrowser(Config.java:15)
at stepDef.Hook.beforeEachTest(Hook.java:19)
]]>
    </error>
  </testcase> <!-- runScenario -->
  <system-out/>
</testsuite> <!-- TestRunner -->
